# JRE version: OpenJDK Runtime Environment (8.0_112-b06) (build 1.8.0_112-release-b06)
# Java VM: OpenJDK 64-Bit Server VM (25.112-b06 mixed mode windows-amd64 compressed oops)
Heap:
 PSYoungGen      total 172032K, used 46902K [0x00000000e0000000, 0x00000000eeb80000, 0x0000000100000000)
  eden space 146432K, 32% used [0x00000000e0000000,0x00000000e2dcdb78,0x00000000e8f00000)
  from space 25600K, 0% used [0x00000000e8f00000,0x00000000e8f00000,0x00000000ea800000)
  to   space 26112K, 0% used [0x00000000ed200000,0x00000000ed200000,0x00000000eeb80000)
 ParOldGen       total 146432K, used 42867K [0x00000000a0000000, 0x00000000a8f00000, 0x00000000e0000000)
  object space 146432K, 29% used [0x00000000a0000000,0x00000000a29dcde0,0x00000000a8f00000)
 Metaspace       used 58130K, capacity 60764K, committed 60928K, reserved 1101824K
  class space    used 7791K, capacity 8333K, committed 8448K, reserved 1048576K
GC Heap History (10 events):
Event: 15.778 GC heap before
{Heap before GC invocations=14 (full 2):
 PSYoungGen      total 97792K, used 97771K [0x00000000e0000000, 0x00000000e8700000, 0x0000000100000000)
  eden space 87040K, 100% used [0x00000000e0000000,0x00000000e5500000,0x00000000e5500000)
  from space 10752K, 99% used [0x00000000e5500000,0x00000000e5f7ae70,0x00000000e5f80000)
  to   space 12288K, 0% used [0x00000000e7b00000,0x00000000e7b00000,0x00000000e8700000)
 ParOldGen       total 95232K, used 15181K [0x00000000a0000000, 0x00000000a5d00000, 0x00000000e0000000)
  object space 95232K, 15% used [0x00000000a0000000,0x00000000a0ed3598,0x00000000a5d00000)
 Metaspace       used 48322K, capacity 49912K, committed 50048K, reserved 1091584K
  class space    used 6547K, capacity 6918K, committed 7040K, reserved 1048576K
Event: 15.812 GC heap after
Heap after GC invocations=14 (full 2):
 PSYoungGen      total 122880K, used 12259K [0x00000000e0000000, 0x00000000e8d00000, 0x0000000100000000)
  eden space 110592K, 0% used [0x00000000e0000000,0x00000000e0000000,0x00000000e6c00000)
  from space 12288K, 99% used [0x00000000e7b00000,0x00000000e86f8c98,0x00000000e8700000)
  to   space 15360K, 0% used [0x00000000e6c00000,0x00000000e6c00000,0x00000000e7b00000)
 ParOldGen       total 95232K, used 20761K [0x00000000a0000000, 0x00000000a5d00000, 0x00000000e0000000)
  object space 95232K, 21% used [0x00000000a0000000,0x00000000a14466f0,0x00000000a5d00000)
 Metaspace       used 48322K, capacity 49912K, committed 50048K, reserved 1091584K
  class space    used 6547K, capacity 6918K, committed 7040K, reserved 1048576K
}
Event: 17.291 GC heap before
{Heap before GC invocations=15 (full 2):
 PSYoungGen      total 122880K, used 122851K [0x00000000e0000000, 0x00000000e8d00000, 0x0000000100000000)
  eden space 110592K, 100% used [0x00000000e0000000,0x00000000e6c00000,0x00000000e6c00000)
  from space 12288K, 99% used [0x00000000e7b00000,0x00000000e86f8c98,0x00000000e8700000)
  to   space 15360K, 0% used [0x00000000e6c00000,0x00000000e6c00000,0x00000000e7b00000)
 ParOldGen       total 95232K, used 20761K [0x00000000a0000000, 0x00000000a5d00000, 0x00000000e0000000)
  object space 95232K, 21% used [0x00000000a0000000,0x00000000a14466f0,0x00000000a5d00000)
 Metaspace       used 50728K, capacity 52548K, committed 52736K, reserved 1095680K
  class space    used 6995K, capacity 7424K, committed 7424K, reserved 1048576K
Event: 17.352 GC heap after
Heap after GC invocations=15 (full 2):
 PSYoungGen      total 125952K, used 15331K [0x00000000e0000000, 0x00000000ebd00000, 0x0000000100000000)
  eden space 110592K, 0% used [0x00000000e0000000,0x00000000e0000000,0x00000000e6c00000)
  from space 15360K, 99% used [0x00000000e6c00000,0x00000000e7af8c88,0x00000000e7b00000)
  to   space 21504K, 0% used [0x00000000ea800000,0x00000000ea800000,0x00000000ebd00000)
 ParOldGen       total 95232K, used 31412K [0x00000000a0000000, 0x00000000a5d00000, 0x00000000e0000000)
  object space 95232K, 32% used [0x00000000a0000000,0x00000000a1ead020,0x00000000a5d00000)
 Metaspace       used 50728K, capacity 52548K, committed 52736K, reserved 1095680K
  class space    used 6995K, capacity 7424K, committed 7424K, reserved 1048576K
}
Event: 25.767 GC heap before
{Heap before GC invocations=16 (full 2):
 PSYoungGen      total 125952K, used 125923K [0x00000000e0000000, 0x00000000ebd00000, 0x0000000100000000)
  eden space 110592K, 100% used [0x00000000e0000000,0x00000000e6c00000,0x00000000e6c00000)
  from space 15360K, 99% used [0x00000000e6c00000,0x00000000e7af8c88,0x00000000e7b00000)
  to   space 21504K, 0% used [0x00000000ea800000,0x00000000ea800000,0x00000000ebd00000)
 ParOldGen       total 95232K, used 31412K [0x00000000a0000000, 0x00000000a5d00000, 0x00000000e0000000)
  object space 95232K, 32% used [0x00000000a0000000,0x00000000a1ead020,0x00000000a5d00000)
 Metaspace       used 56290K, capacity 58618K, committed 58880K, reserved 1099776K
  class space    used 7593K, capacity 8084K, committed 8192K, reserved 1048576K
Event: 25.828 GC heap after
Heap after GC invocations=16 (full 2):
 PSYoungGen      total 167936K, used 21473K [0x00000000e0000000, 0x00000000ec200000, 0x0000000100000000)
  eden space 146432K, 0% used [0x00000000e0000000,0x00000000e0000000,0x00000000e8f00000)
  from space 21504K, 99% used [0x00000000ea800000,0x00000000ebcf84a0,0x00000000ebd00000)
  to   space 25600K, 0% used [0x00000000e8f00000,0x00000000e8f00000,0x00000000ea800000)
 ParOldGen       total 95232K, used 34549K [0x00000000a0000000, 0x00000000a5d00000, 0x00000000e0000000)
  object space 95232K, 36% used [0x00000000a0000000,0x00000000a21bd500,0x00000000a5d00000)
 Metaspace       used 56290K, capacity 58618K, committed 58880K, reserved 1099776K
  class space    used 7593K, capacity 8084K, committed 8192K, reserved 1048576K
}
Event: 679.685 GC heap before
{Heap before GC invocations=17 (full 2):
 PSYoungGen      total 167936K, used 91768K [0x00000000e0000000, 0x00000000ec200000, 0x0000000100000000)
  eden space 146432K, 48% used [0x00000000e0000000,0x00000000e44a5b98,0x00000000e8f00000)
  from space 21504K, 99% used [0x00000000ea800000,0x00000000ebcf84a0,0x00000000ebd00000)
  to   space 25600K, 0% used [0x00000000e8f00000,0x00000000e8f00000,0x00000000ea800000)
 ParOldGen       total 95232K, used 34549K [0x00000000a0000000, 0x00000000a5d00000, 0x00000000e0000000)
  object space 95232K, 36% used [0x00000000a0000000,0x00000000a21bd500,0x00000000a5d00000)
 Metaspace       used 56654K, capacity 59028K, committed 59136K, reserved 1099776K
  class space    used 7610K, capacity 8103K, committed 8192K, reserved 1048576K
Event: 679.731 GC heap after
Heap after GC invocations=17 (full 2):
 PSYoungGen      total 172032K, used 17214K [0x00000000e0000000, 0x00000000eeb80000, 0x0000000100000000)
  eden space 146432K, 0% used [0x00000000e0000000,0x00000000e0000000,0x00000000e8f00000)
  from space 25600K, 67% used [0x00000000e8f00000,0x00000000e9fcf9f8,0x00000000ea800000)
  to   space 26112K, 0% used [0x00000000ed200000,0x00000000ed200000,0x00000000eeb80000)
 ParOldGen       total 95232K, used 37660K [0x00000000a0000000, 0x00000000a5d00000, 0x00000000e0000000)
  object space 95232K, 39% used [0x00000000a0000000,0x00000000a24c7290,0x00000000a5d00000)
 Metaspace       used 56654K, capacity 59028K, committed 59136K, reserved 1099776K
  class space    used 7610K, capacity 8103K, committed 8192K, reserved 1048576K
}
Event: 679.731 GC heap before
{Heap before GC invocations=18 (full 3):
 PSYoungGen      total 172032K, used 17214K [0x00000000e0000000, 0x00000000eeb80000, 0x0000000100000000)
  eden space 146432K, 0% used [0x00000000e0000000,0x00000000e0000000,0x00000000e8f00000)
  from space 25600K, 67% used [0x00000000e8f00000,0x00000000e9fcf9f8,0x00000000ea800000)
  to   space 26112K, 0% used [0x00000000ed200000,0x00000000ed200000,0x00000000eeb80000)
 ParOldGen       total 95232K, used 37660K [0x00000000a0000000, 0x00000000a5d00000, 0x00000000e0000000)
  object space 95232K, 39% used [0x00000000a0000000,0x00000000a24c7290,0x00000000a5d00000)
 Metaspace       used 56654K, capacity 59028K, committed 59136K, reserved 1099776K
  class space    used 7610K, capacity 8103K, committed 8192K, reserved 1048576K
Event: 680.178 GC heap after
Heap after GC invocations=18 (full 3):
 PSYoungGen      total 172032K, used 0K [0x00000000e0000000, 0x00000000eeb80000, 0x0000000100000000)
  eden space 146432K, 0% used [0x00000000e0000000,0x00000000e0000000,0x00000000e8f00000)
  from space 25600K, 0% used [0x00000000e8f00000,0x00000000e8f00000,0x00000000ea800000)
  to   space 26112K, 0% used [0x00000000ed200000,0x00000000ed200000,0x00000000eeb80000)
 ParOldGen       total 146432K, used 42867K [0x00000000a0000000, 0x00000000a8f00000, 0x00000000e0000000)
  object space 146432K, 29% used [0x00000000a0000000,0x00000000a29dcde0,0x00000000a8f00000)
 Metaspace       used 56654K, capacity 59028K, committed 59136K, reserved 1099776K
  class space    used 7610K, capacity 8103K, committed 8192K, reserved 1048576K
}

