# JRE version: OpenJDK Runtime Environment (8.0_112-b06) (build 1.8.0_112-release-b06)
# Java VM: OpenJDK 64-Bit Server VM (25.112-b06 mixed mode windows-amd64 compressed oops)
Heap:
 PSYoungGen      total 150016K, used 68515K [0x00000000e0000000, 0x00000000ed280000, 0x0000000100000000)
  eden space 125952K, 54% used [0x00000000e0000000,0x00000000e4321898,0x00000000e7b00000)
  from space 24064K, 0% used [0x00000000e7b00000,0x00000000e7b00000,0x00000000e9280000)
  to   space 28160K, 0% used [0x00000000eb700000,0x00000000eb700000,0x00000000ed280000)
 ParOldGen       total 138240K, used 23495K [0x00000000a0000000, 0x00000000a8700000, 0x00000000e0000000)
  object space 138240K, 16% used [0x00000000a0000000,0x00000000a16f1f18,0x00000000a8700000)
 Metaspace       used 55085K, capacity 56624K, committed 59096K, reserved 1099776K
  class space    used 7273K, capacity 7585K, committed 8192K, reserved 1048576K
GC Heap History (10 events):
Event: 12.846 GC heap before
{Heap before GC invocations=14 (full 2):
 PSYoungGen      total 89600K, used 89057K [0x00000000e0000000, 0x00000000e7a00000, 0x0000000100000000)
  eden space 78336K, 100% used [0x00000000e0000000,0x00000000e4c80000,0x00000000e4c80000)
  from space 11264K, 95% used [0x00000000e4c80000,0x00000000e56f8758,0x00000000e5780000)
  to   space 12288K, 0% used [0x00000000e6e00000,0x00000000e6e00000,0x00000000e7a00000)
 ParOldGen       total 103936K, used 15647K [0x00000000a0000000, 0x00000000a6580000, 0x00000000e0000000)
  object space 103936K, 15% used [0x00000000a0000000,0x00000000a0f47c70,0x00000000a6580000)
 Metaspace       used 46933K, capacity 48354K, committed 48512K, reserved 1091584K
  class space    used 6364K, capacity 6673K, committed 6784K, reserved 1048576K
Event: 12.882 GC heap after
Heap after GC invocations=14 (full 2):
 PSYoungGen      total 110080K, used 12275K [0x00000000e0000000, 0x00000000e8080000, 0x0000000100000000)
  eden space 97792K, 0% used [0x00000000e0000000,0x00000000e0000000,0x00000000e5f80000)
  from space 12288K, 99% used [0x00000000e6e00000,0x00000000e79fcca8,0x00000000e7a00000)
  to   space 14848K, 0% used [0x00000000e5f80000,0x00000000e5f80000,0x00000000e6e00000)
 ParOldGen       total 103936K, used 18728K [0x00000000a0000000, 0x00000000a6580000, 0x00000000e0000000)
  object space 103936K, 18% used [0x00000000a0000000,0x00000000a124a100,0x00000000a6580000)
 Metaspace       used 46933K, capacity 48354K, committed 48512K, reserved 1091584K
  class space    used 6364K, capacity 6673K, committed 6784K, reserved 1048576K
}
Event: 14.206 GC heap before
{Heap before GC invocations=15 (full 2):
 PSYoungGen      total 110080K, used 110067K [0x00000000e0000000, 0x00000000e8080000, 0x0000000100000000)
  eden space 97792K, 100% used [0x00000000e0000000,0x00000000e5f80000,0x00000000e5f80000)
  from space 12288K, 99% used [0x00000000e6e00000,0x00000000e79fcca8,0x00000000e7a00000)
  to   space 14848K, 0% used [0x00000000e5f80000,0x00000000e5f80000,0x00000000e6e00000)
 ParOldGen       total 103936K, used 18728K [0x00000000a0000000, 0x00000000a6580000, 0x00000000e0000000)
  object space 103936K, 18% used [0x00000000a0000000,0x00000000a124a100,0x00000000a6580000)
 Metaspace       used 49852K, capacity 51472K, committed 51584K, reserved 1093632K
  class space    used 6797K, capacity 7186K, committed 7296K, reserved 1048576K
Event: 14.261 GC heap after
Heap after GC invocations=15 (full 2):
 PSYoungGen      total 112640K, used 14816K [0x00000000e0000000, 0x00000000ea580000, 0x0000000100000000)
  eden space 97792K, 0% used [0x00000000e0000000,0x00000000e0000000,0x00000000e5f80000)
  from space 14848K, 99% used [0x00000000e5f80000,0x00000000e6df8210,0x00000000e6e00000)
  to   space 19456K, 0% used [0x00000000e9280000,0x00000000e9280000,0x00000000ea580000)
 ParOldGen       total 103936K, used 26558K [0x00000000a0000000, 0x00000000a6580000, 0x00000000e0000000)
  object space 103936K, 25% used [0x00000000a0000000,0x00000000a19ef8e0,0x00000000a6580000)
 Metaspace       used 49852K, capacity 51472K, committed 51584K, reserved 1093632K
  class space    used 6797K, capacity 7186K, committed 7296K, reserved 1048576K
}
Event: 23.544 GC heap before
{Heap before GC invocations=16 (full 2):
 PSYoungGen      total 112640K, used 112608K [0x00000000e0000000, 0x00000000ea580000, 0x0000000100000000)
  eden space 97792K, 100% used [0x00000000e0000000,0x00000000e5f80000,0x00000000e5f80000)
  from space 14848K, 99% used [0x00000000e5f80000,0x00000000e6df8210,0x00000000e6e00000)
  to   space 19456K, 0% used [0x00000000e9280000,0x00000000e9280000,0x00000000ea580000)
 ParOldGen       total 103936K, used 26558K [0x00000000a0000000, 0x00000000a6580000, 0x00000000e0000000)
  object space 103936K, 25% used [0x00000000a0000000,0x00000000a19ef8e0,0x00000000a6580000)
 Metaspace       used 53784K, capacity 56050K, committed 56192K, reserved 1097728K
  class space    used 7300K, capacity 7764K, committed 7808K, reserved 1048576K
Event: 23.623 GC heap after
Heap after GC invocations=16 (full 2):
 PSYoungGen      total 145408K, used 19440K [0x00000000e0000000, 0x00000000eac00000, 0x0000000100000000)
  eden space 125952K, 0% used [0x00000000e0000000,0x00000000e0000000,0x00000000e7b00000)
  from space 19456K, 99% used [0x00000000e9280000,0x00000000ea57c240,0x00000000ea580000)
  to   space 24064K, 0% used [0x00000000e7b00000,0x00000000e7b00000,0x00000000e9280000)
 ParOldGen       total 103936K, used 32047K [0x00000000a0000000, 0x00000000a6580000, 0x00000000e0000000)
  object space 103936K, 30% used [0x00000000a0000000,0x00000000a1f4be20,0x00000000a6580000)
 Metaspace       used 53784K, capacity 56050K, committed 56192K, reserved 1097728K
  class space    used 7300K, capacity 7764K, committed 7808K, reserved 1048576K
}
Event: 2364.214 GC heap before
{Heap before GC invocations=17 (full 2):
 PSYoungGen      total 145408K, used 114189K [0x00000000e0000000, 0x00000000eac00000, 0x0000000100000000)
  eden space 125952K, 75% used [0x00000000e0000000,0x00000000e5c872b8,0x00000000e7b00000)
  from space 19456K, 99% used [0x00000000e9280000,0x00000000ea57c240,0x00000000ea580000)
  to   space 24064K, 0% used [0x00000000e7b00000,0x00000000e7b00000,0x00000000e9280000)
 ParOldGen       total 103936K, used 32047K [0x00000000a0000000, 0x00000000a6580000, 0x00000000e0000000)
  object space 103936K, 30% used [0x00000000a0000000,0x00000000a1f4be20,0x00000000a6580000)
 Metaspace       used 56554K, capacity 58996K, committed 59096K, reserved 1099776K
  class space    used 7602K, capacity 8094K, committed 8192K, reserved 1048576K
Event: 2364.253 GC heap after
Heap after GC invocations=17 (full 2):
 PSYoungGen      total 150016K, used 24032K [0x00000000e0000000, 0x00000000ed280000, 0x0000000100000000)
  eden space 125952K, 0% used [0x00000000e0000000,0x00000000e0000000,0x00000000e7b00000)
  from space 24064K, 99% used [0x00000000e7b00000,0x00000000e9278230,0x00000000e9280000)
  to   space 28160K, 0% used [0x00000000eb700000,0x00000000eb700000,0x00000000ed280000)
 ParOldGen       total 103936K, used 32967K [0x00000000a0000000, 0x00000000a6580000, 0x00000000e0000000)
  object space 103936K, 31% used [0x00000000a0000000,0x00000000a2031e28,0x00000000a6580000)
 Metaspace       used 56554K, capacity 58996K, committed 59096K, reserved 1099776K
  class space    used 7602K, capacity 8094K, committed 8192K, reserved 1048576K
}
Event: 2364.253 GC heap before
{Heap before GC invocations=18 (full 3):
 PSYoungGen      total 150016K, used 24032K [0x00000000e0000000, 0x00000000ed280000, 0x0000000100000000)
  eden space 125952K, 0% used [0x00000000e0000000,0x00000000e0000000,0x00000000e7b00000)
  from space 24064K, 99% used [0x00000000e7b00000,0x00000000e9278230,0x00000000e9280000)
  to   space 28160K, 0% used [0x00000000eb700000,0x00000000eb700000,0x00000000ed280000)
 ParOldGen       total 103936K, used 32967K [0x00000000a0000000, 0x00000000a6580000, 0x00000000e0000000)
  object space 103936K, 31% used [0x00000000a0000000,0x00000000a2031e28,0x00000000a6580000)
 Metaspace       used 56554K, capacity 58996K, committed 59096K, reserved 1099776K
  class space    used 7602K, capacity 8094K, committed 8192K, reserved 1048576K
Event: 2364.456 GC heap after
Heap after GC invocations=18 (full 3):
 PSYoungGen      total 150016K, used 0K [0x00000000e0000000, 0x00000000ed280000, 0x0000000100000000)
  eden space 125952K, 0% used [0x00000000e0000000,0x00000000e0000000,0x00000000e7b00000)
  from space 24064K, 0% used [0x00000000e7b00000,0x00000000e7b00000,0x00000000e9280000)
  to   space 28160K, 0% used [0x00000000eb700000,0x00000000eb700000,0x00000000ed280000)
 ParOldGen       total 138240K, used 23495K [0x00000000a0000000, 0x00000000a8700000, 0x00000000e0000000)
  object space 138240K, 16% used [0x00000000a0000000,0x00000000a16f1f18,0x00000000a8700000)
 Metaspace       used 54952K, capacity 56438K, committed 59096K, reserved 1099776K
  class space    used 7253K, capacity 7533K, committed 8192K, reserved 1048576K
}

